Press F9 to toggle capture mode (on/off). Click elements to capture selectors. Press F9 again to stop. Repeat as needed. Press Ctrl+C in terminal to exit.
Hold Windows + F9 to enable capture mode. Release to disable. Press Ctrl+C in terminal to exit.
Capture mode enabled.
No element clicked. Nothing to capture.
No element clicked. Nothing to capture.
No element clicked. Nothing to capture.
No element clicked. Nothing to capture.
No element clicked. Nothing to capture.
No element clicked. Nothing to capture.
No element clicked. Nothing to capture.
No element clicked. Nothing to capture.
No element clicked. Nothing to capture.
No element clicked. Nothing to capture.
Element details: {'name': 'Try it', 'properties': {'ariaLabel': None, 'className': 'niO4u VDgVie SlP8xc', 'href': None, 'id': '', 'name': None, 'role': None, 'tag': 'DIV', 'text': 'Try it', 'title': '', 'type': None, 'value': None, 'rect': {'bottom': 620, 'height': 44, 'left': 860.2750244140625, 'right': 956.0000228881836, 'top': 576, 'width': 95.7249984741211, 'x': 860.2750244140625, 'y': 576}, 'x': 908.137523651123, 'y': 598.0}, 'selectors': {'Class Name': 'niO4u VDgVie SlP8xc', 'CSS Selector (Class)': '.niO4u', 'XPath (Class)': "//*[contains(@class, 'niO4u')]", 'CSS Selector (Combined)': 'div.niO4u.VDgVie.SlP8xc', 'XPath (Combined)': "//div[contains(@class, 'niO4u')]", 'Tag': 'div', 'Full XPath': '/html[1]/body[1]/div[5]/div[1]/div[2]/div[1]/div[1]/div[1]/div[2]/div[1]/promo-button-text[2]/div[1]/div[1]', 'Relative XPath': "//*[@id='stUuGf']/div/div[2]/div/div/div/div[2]/div/promo-button-text[2]/div/div", 'accu_xpath': '//div[5]/div/div[2]/div/div/div/div[2]/div/promo-button-text[2]/div/div'}, 'found_element_counts': {'CSS Selector (Class)': 2, 'CSS Selector (Combined)': 2, 'Full XPath': 1, 'Relative XPath': 1, 'accu_xpath': 1}, 'page_url': 'https://www.google.com/?zx=1757960390564&no_sw_cr=1', 'page_title': 'Google', 'page_name': 'Google'}
Details appended to d:\Projects\P_XpathManagement\P_XpathManagement\captured_xpaths\element_selectors.csv
Details appended to d:\Projects\P_XpathManagement\P_XpathManagement\captured_xpaths\obj_Google.json
Element details: {'name': 'Not interested', 'properties': {'ariaLabel': None, 'className': 'niO4u VDgVie SlP8xc', 'href': None, 'id': '', 'name': None, 'role': None, 'tag': 'DIV', 'text': 'Not interested', 'title': '', 'type': None, 'value': None, 'rect': {'bottom': 620, 'height': 44, 'left': 689.9249877929688, 'right': 844.2749938964844, 'top': 576, 'width': 154.35000610351562, 'x': 689.9249877929688, 'y': 576}, 'x': 767.0999908447266, 'y': 598.0}, 'selectors': {'Class Name': 'niO4u VDgVie SlP8xc', 'CSS Selector (Class)': '.niO4u', 'XPath (Class)': "//*[contains(@class, 'niO4u')]", 'CSS Selector (Combined)': 'div.niO4u.VDgVie.SlP8xc', 'XPath (Combined)': "//div[contains(@class, 'niO4u')]", 'Tag': 'div', 'Full XPath': '/html[1]/body[1]/div[5]/div[1]/div[2]/div[1]/div[1]/div[1]/div[2]/div[1]/promo-button-text[1]/div[1]/div[1]', 'Relative XPath': "//*[@id='stUuGf']/div/div[2]/div/div/div/div[2]/div/promo-button-text[1]/div/div", 'accu_xpath': '//div[5]/div/div[2]/div/div/div/div[2]/div/promo-button-text[1]/div/div'}, 'found_element_counts': {'CSS Selector (Class)': 2, 'CSS Selector (Combined)': 2, 'Full XPath': 1, 'Relative XPath': 1, 'accu_xpath': 1}, 'page_url': 'https://www.google.com/?zx=1757960390564&no_sw_cr=1', 'page_title': 'Google', 'page_name': 'Google'}
Details appended to d:\Projects\P_XpathManagement\P_XpathManagement\captured_xpaths\element_selectors.csv
Details appended to d:\Projects\P_XpathManagement\P_XpathManagement\captured_xpaths\obj_Google.json
Element details: {'name': 'Terms', 'properties': {'ariaLabel': None, 'className': 'pHiOh', 'href': 'https://policies.google.com/terms?hl=en-IN&fg=1', 'id': '', 'name': '', 'role': None, 'tag': 'A', 'text': 'Terms', 'title': '', 'type': '', 'value': None, 'rect': {'bottom': 704.0000114440918, 'height': 46.79999923706055, 'left': 715.7625122070312, 'right': 783.8750152587891, 'top': 657.2000122070312, 'width': 68.11250305175781, 'x': 715.7625122070312, 'y': 657.2000122070312}, 'x': 749.8187637329102, 'y': 680.6000118255615}, 'selectors': {'Class Name': 'pHiOh', 'CSS Selector (Class)': '.pHiOh', 'XPath (Class)': "//*[contains(@class, 'pHiOh')]", 'CSS Selector (Combined)': 'a.pHiOh', 'XPath (Combined)': "//a[contains(@class, 'pHiOh')]", 'Tag': 'a', 'Full XPath': '/html[1]/body[1]/div[2]/div[7]/div[1]/div[2]/div[2]/a[2]', 'Relative XPath': '/html/body/div[2]/div[7]/div/div[2]/div[2]/a[2]', 'accu_xpath': '//div[2]/div[7]/div/div[2]/div[2]/a[2]', 'visible_property_xpath': "//a[translate(normalize-space(text()), 'ABCDEFGHIJKLMNOPQRSTUVWXYZ', 'abcdefghijklmnopqrstuvwxyz')='terms']", 'xpath': "//a[translate(normalize-space(text()), 'ABCDEFGHIJKLMNOPQRSTUVWXYZ', 'abcdefghijklmnopqrstuvwxyz')='terms']"}, 'found_element_counts': {'CSS Selector (Class)': 6, 'CSS Selector (Combined)': 5, 'Full XPath': 1, 'Relative XPath': 1, 'accu_xpath': 1, 'visible_property_xpath': 1}, 'page_url': 'https://www.google.com/?zx=1757960390564&no_sw_cr=1', 'page_title': 'Google', 'page_name': 'Google'}
Details appended to d:\Projects\P_XpathManagement\P_XpathManagement\captured_xpaths\element_selectors.csv
Details appended to d:\Projects\P_XpathManagement\P_XpathManagement\captured_xpaths\obj_Google.json
Capture mode disabled.
